Added Component: Designator=C1(0603)
Added Component: Designator=C2(0603)
Added Component: Designator=C3(0603)
Added Component: Designator=C4(0603)
Added Component: Designator=C5(0603)
Added Component: Designator=C6(0603)
Added Component: Designator=C7(0603)
Added Component: Designator=C8(0603)
Added Component: Designator=C9(0603)
Added Component: Designator=C10(0603)
Added Component: Designator=C11(0603)
Added Component: Designator=C12(0603)
Added Component: Designator=C13(0603)
Added Component: Designator=C14(0603)
Added Component: Designator=C15(0603)
Added Component: Designator=C16(0603)
Added Component: Designator=C17(0603)
Added Component: Designator=C18(0603)
Added Component: Designator=C19(0603)
Added Component: Designator=C20(0603)
Added Component: Designator=C21(0603)
Added Component: Designator=C22(0603)
Added Component: Designator=C23(0603)
Added Component: Designator=C24(0603)
Added Component: Designator=C25(0603)
Added Component: Designator=C26(0603)
Added Component: Designator=C27(4x4VC)
Added Component: Designator=C28(0603)
Added Component: Designator=C29(0603)
Added Component: Designator=E1(A5839)
Added Component: Designator=L1(0603)
Added Component: Designator=L2(0603)
Added Component: Designator=L3(0603)
Added Component: Designator=L4(0603)
Added Component: Designator=L5(0603)
Added Component: Designator=P1(HDR2X5)
Added Component: Designator=P2(U.FL)
Added Component: Designator=R1(0603)
Added Component: Designator=R2(0603)
Added Component: Designator=R3(0603)
Added Component: Designator=R4(0603)
Added Component: Designator=T1(1812WBT-3)
Added Component: Designator=U1(QFN40)
Added Component: Designator=U2(QFN32)
Added Component: Designator=Y1(XTAL3225)
Added Component: Designator=Y2(XTAL3215)
Added Component: Designator=Y3(XTAL3225)
Added Pin To Net: NetName=GND Pin=C1-1
Added Pin To Net: NetName=NetC1_2 Pin=C1-2
Added Pin To Net: NetName=GND Pin=C2-1
Added Pin To Net: NetName=NetC1_2 Pin=C2-2
Added Pin To Net: NetName=GND Pin=C3-1
Added Pin To Net: NetName=NetC1_2 Pin=C3-2
Added Pin To Net: NetName=GND Pin=C4-1
Added Pin To Net: NetName=NetC1_2 Pin=C4-2
Added Pin To Net: NetName=GND Pin=C5-1
Added Pin To Net: NetName=NetC1_2 Pin=C5-2
Added Pin To Net: NetName=GND Pin=C6-1
Added Pin To Net: NetName=NetC1_2 Pin=C6-2
Added Pin To Net: NetName=GND Pin=C7-1
Added Pin To Net: NetName=NetC1_2 Pin=C7-2
Added Pin To Net: NetName=GND Pin=C8-1
Added Pin To Net: NetName=NetC1_2 Pin=C8-2
Added Pin To Net: NetName=GND Pin=C9-1
Added Pin To Net: NetName=NetC9_2 Pin=C9-2
Added Pin To Net: NetName=GND Pin=C10-1
Added Pin To Net: NetName=XTAL32M1 Pin=C10-2
Added Pin To Net: NetName=GND Pin=C11-1
Added Pin To Net: NetName=XTAL32M2 Pin=C11-2
Added Pin To Net: NetName=GND Pin=C12-1
Added Pin To Net: NetName=XTAL32K1 Pin=C12-2
Added Pin To Net: NetName=GND Pin=C13-1
Added Pin To Net: NetName=XTAL32K2 Pin=C13-2
Added Pin To Net: NetName=GND Pin=C14-1
Added Pin To Net: NetName=RESETN Pin=C14-2
Added Pin To Net: NetName=RF_N Pin=C15-1
Added Pin To Net: NetName=NetC15_2 Pin=C15-2
Added Pin To Net: NetName=NetC15_2 Pin=C16-1
Added Pin To Net: NetName=NetC16_2 Pin=C16-2
Added Pin To Net: NetName=NetC16_2 Pin=C17-1
Added Pin To Net: NetName=NetC17_2 Pin=C17-2
Added Pin To Net: NetName=RF_P Pin=C18-1
Added Pin To Net: NetName=NetC18_2 Pin=C18-2
Added Pin To Net: NetName=GND Pin=C19-1
Added Pin To Net: NetName=NetC18_2 Pin=C19-2
Added Pin To Net: NetName=GND Pin=C20-1
Added Pin To Net: NetName=XTAL27M121 Pin=C20-2
Added Pin To Net: NetName=GND Pin=C21-1
Added Pin To Net: NetName=XTAL27M122 Pin=C21-2
Added Pin To Net: NetName=GND Pin=C22-1
Added Pin To Net: NetName=SVDD Pin=C22-2
Added Pin To Net: NetName=TVSS Pin=C23-1
Added Pin To Net: NetName=NetC23_2 Pin=C23-2
Added Pin To Net: NetName=NetC24_1 Pin=C24-1
Added Pin To Net: NetName=TVSS Pin=C24-2
Added Pin To Net: NetName=NetC23_2 Pin=C25-1
Added Pin To Net: NetName=NetC25_2 Pin=C25-2
Added Pin To Net: NetName=NetC24_1 Pin=C26-1
Added Pin To Net: NetName=NetC26_2 Pin=C26-2
Added Pin To Net: NetName=NetC24_1 Pin=C27-1
Added Pin To Net: NetName=NetC26_2 Pin=C27-2
Added Pin To Net: NetName=NetC25_2 Pin=C28-1
Added Pin To Net: NetName=NetC28_2 Pin=C28-2
Added Pin To Net: NetName=TVSS Pin=C29-1
Added Pin To Net: NetName=VMID Pin=C29-2
Added Pin To Net: NetName=NetC17_2 Pin=E1-1
Added Pin To Net: NetName=GND Pin=E1-2
Added Pin To Net: NetName=NetC1_2 Pin=L1-1
Added Pin To Net: NetName=SVDD Pin=L1-2
Added Pin To Net: NetName=NetC15_2 Pin=L2-1
Added Pin To Net: NetName=GND Pin=L2-2
Added Pin To Net: NetName=NetC18_2 Pin=L3-1
Added Pin To Net: NetName=NetC16_2 Pin=L3-2
Added Pin To Net: NetName=TX1 Pin=L4-1
Added Pin To Net: NetName=NetC23_2 Pin=L4-2
Added Pin To Net: NetName=TX2 Pin=L5-1
Added Pin To Net: NetName=NetC24_1 Pin=L5-2
Added Pin To Net: NetName=GND Pin=P1-1
Added Pin To Net: NetName=SVDD Pin=P1-2
Added Pin To Net: NetName=DC Pin=P1-3
Added Pin To Net: NetName=DD Pin=P1-4
Added Pin To Net: NetName=CSN Pin=P1-5
Added Pin To Net: NetName=SCLK Pin=P1-6
Added Pin To Net: NetName=RESETN Pin=P1-7
Added Pin To Net: NetName=MOSI Pin=P1-8
Added Pin To Net: NetName=SVDD Pin=P1-9
Added Pin To Net: NetName=MISO Pin=P1-10
Added Pin To Net: NetName=NetP2_1 Pin=P2-1
Added Pin To Net: NetName=TVSS Pin=P2-2
Added Pin To Net: NetName=TVSS Pin=P2-2
Added Pin To Net: NetName=GND Pin=R1-1
Added Pin To Net: NetName=NetR1_2 Pin=R1-2
Added Pin To Net: NetName=SVDD Pin=R2-1
Added Pin To Net: NetName=RESETN Pin=R2-2
Added Pin To Net: NetName=RX Pin=R3-1
Added Pin To Net: NetName=NetC28_2 Pin=R3-2
Added Pin To Net: NetName=VMID Pin=R4-1
Added Pin To Net: NetName=RX Pin=R4-2
Added Pin To Net: NetName=NetC26_2 Pin=T1-1
Added Pin To Net: NetName=TVSS Pin=T1-2
Added Pin To Net: NetName=NetP2_1 Pin=T1-3
Added Pin To Net: NetName=NetC25_2 Pin=T1-4
Added Pin To Net: NetName=GND Pin=U1-1
Added Pin To Net: NetName=GND Pin=U1-2
Added Pin To Net: NetName=GND Pin=U1-3
Added Pin To Net: NetName=GND Pin=U1-4
Added Pin To Net: NetName=SCLK Pin=U1-5
Added Pin To Net: NetName=CSN Pin=U1-6
Added Pin To Net: NetName=NetC1_2 Pin=U1-10
Added Pin To Net: NetName=SCL Pin=U1-15
Added Pin To Net: NetName=RSTPDN Pin=U1-16
Added Pin To Net: NetName=IRQ Pin=U1-17
Added Pin To Net: NetName=EA Pin=U1-18
Added Pin To Net: NetName=SDA Pin=U1-19
Added Pin To Net: NetName=RESETN Pin=U1-20
Added Pin To Net: NetName=NetC1_2 Pin=U1-21
Added Pin To Net: NetName=XTAL32M1 Pin=U1-22
Added Pin To Net: NetName=XTAL32M2 Pin=U1-23
Added Pin To Net: NetName=NetC1_2 Pin=U1-24
Added Pin To Net: NetName=RF_P Pin=U1-25
Added Pin To Net: NetName=RF_N Pin=U1-26
Added Pin To Net: NetName=NetC1_2 Pin=U1-27
Added Pin To Net: NetName=NetC1_2 Pin=U1-28
Added Pin To Net: NetName=NetC1_2 Pin=U1-29
Added Pin To Net: NetName=NetR1_2 Pin=U1-30
Added Pin To Net: NetName=NetC1_2 Pin=U1-31
Added Pin To Net: NetName=XTAL32K1 Pin=U1-32
Added Pin To Net: NetName=XTAL32K2 Pin=U1-33
Added Pin To Net: NetName=DC Pin=U1-34
Added Pin To Net: NetName=DD Pin=U1-35
Added Pin To Net: NetName=MISO Pin=U1-37
Added Pin To Net: NetName=MOSI Pin=U1-38
Added Pin To Net: NetName=NetC1_2 Pin=U1-39
Added Pin To Net: NetName=NetC9_2 Pin=U1-40
Added Pin To Net: NetName=GND Pin=U1-41
Added Pin To Net: NetName=SVDD Pin=U2-1
Added Pin To Net: NetName=SVDD Pin=U2-2
Added Pin To Net: NetName=SVDD Pin=U2-3
Added Pin To Net: NetName=GND Pin=U2-4
Added Pin To Net: NetName=GND Pin=U2-5
Added Pin To Net: NetName=RSTPDN Pin=U2-6
Added Pin To Net: NetName=SVDD Pin=U2-7
Added Pin To Net: NetName=SVDD Pin=U2-9
Added Pin To Net: NetName=GND Pin=U2-10
Added Pin To Net: NetName=TX1 Pin=U2-11
Added Pin To Net: NetName=SVDD Pin=U2-12
Added Pin To Net: NetName=TX2 Pin=U2-13
Added Pin To Net: NetName=TVSS Pin=U2-14
Added Pin To Net: NetName=SVDD Pin=U2-15
Added Pin To Net: NetName=RX Pin=U2-17
Added Pin To Net: NetName=GND Pin=U2-18
Added Pin To Net: NetName=XTAL27M122 Pin=U2-21
Added Pin To Net: NetName=XTAL27M121 Pin=U2-22
Added Pin To Net: NetName=IRQ Pin=U2-23
Added Pin To Net: NetName=SDA Pin=U2-24
Added Pin To Net: NetName=SCL Pin=U2-31
Added Pin To Net: NetName=EA Pin=U2-32
Added Pin To Net: NetName=GND Pin=U2-33
Added Pin To Net: NetName=XTAL32M1 Pin=Y1-1
Added Pin To Net: NetName=XTAL32M2 Pin=Y1-2
Added Pin To Net: NetName=XTAL32K1 Pin=Y2-1
Added Pin To Net: NetName=XTAL32K2 Pin=Y2-2
Added Pin To Net: NetName=XTAL27M121 Pin=Y3-1
Added Pin To Net: NetName=XTAL27M122 Pin=Y3-2
Added Member To Class: ClassName=MainBoard Member=Component C1 Cap
Added Member To Class: ClassName=MainBoard Member=Component C2 Cap
Added Member To Class: ClassName=MainBoard Member=Component C3 Cap
Added Member To Class: ClassName=MainBoard Member=Component C4 Cap
Added Member To Class: ClassName=MainBoard Member=Component C5 Cap
Added Member To Class: ClassName=MainBoard Member=Component C6 Cap
Added Member To Class: ClassName=MainBoard Member=Component C7 Cap
Added Member To Class: ClassName=MainBoard Member=Component C8 Cap
Added Member To Class: ClassName=MainBoard Member=Component C9 Cap
Added Member To Class: ClassName=MainBoard Member=Component C10 Cap
Added Member To Class: ClassName=MainBoard Member=Component C11 Cap
Added Member To Class: ClassName=MainBoard Member=Component C12 Cap
Added Member To Class: ClassName=MainBoard Member=Component C13 Cap
Added Member To Class: ClassName=MainBoard Member=Component C14 Cap
Added Member To Class: ClassName=MainBoard Member=Component C15 Cap
Added Member To Class: ClassName=MainBoard Member=Component C16 Cap
Added Member To Class: ClassName=MainBoard Member=Component C17 Cap
Added Member To Class: ClassName=MainBoard Member=Component C18 Cap
Added Member To Class: ClassName=MainBoard Member=Component C19 Cap
Added Member To Class: ClassName=MainBoard Member=Component C20 Cap
Added Member To Class: ClassName=MainBoard Member=Component C21 Cap
Added Member To Class: ClassName=MainBoard Member=Component C22 Cap
Added Member To Class: ClassName=MainBoard Member=Component C23 Cap
Added Member To Class: ClassName=MainBoard Member=Component C24 Cap
Added Member To Class: ClassName=MainBoard Member=Component C25 Cap
Added Member To Class: ClassName=MainBoard Member=Component C26 Cap
Added Member To Class: ClassName=MainBoard Member=Component C27 Cap Var
Added Member To Class: ClassName=MainBoard Member=Component C28 Cap
Added Member To Class: ClassName=MainBoard Member=Component C29 Cap
Added Member To Class: ClassName=MainBoard Member=Component E1 A5839
Added Member To Class: ClassName=MainBoard Member=Component L1 Inductor
Added Member To Class: ClassName=MainBoard Member=Component L2 Inductor
Added Member To Class: ClassName=MainBoard Member=Component L3 Inductor
Added Member To Class: ClassName=MainBoard Member=Component L4 Inductor
Added Member To Class: ClassName=MainBoard Member=Component L5 Inductor
Added Member To Class: ClassName=MainBoard Member=Component P1 Header 5X2
Added Member To Class: ClassName=MainBoard Member=Component P2 U.FL
Added Member To Class: ClassName=MainBoard Member=Component R1 Res2
Added Member To Class: ClassName=MainBoard Member=Component R2 Res2
Added Member To Class: ClassName=MainBoard Member=Component R3 Res2
Added Member To Class: ClassName=MainBoard Member=Component R4 Res2
Added Member To Class: ClassName=MainBoard Member=Component T1 1812WBT-3
Added Member To Class: ClassName=MainBoard Member=Component U1 CC2530
Added Member To Class: ClassName=MainBoard Member=Component U2 MFRC522
Added Member To Class: ClassName=MainBoard Member=Component Y1 XTAL
Added Member To Class: ClassName=MainBoard Member=Component Y2 XTAL
Added Member To Class: ClassName=MainBoard Member=Component Y3 XTAL
Added Room: Name=MainBoard
